1777285000: mosquitto version 1.6.15 starting
1777285000: Config loaded from /mosquitto/config/mosquitto.conf.
1777285000: Opening ipv4 listen socket on port 1883.
1777285000: Opening ipv6 listen socket on port 1883.
1777285000: Opening websockets listen socket on port 9001.
1777285000: mosquitto version 1.6.15 running
1777286800: Saving in-memory database to /mosquitto/data/mosquitto.db.
1777287273: New connection from 172.19.0.1 on port 1883.
1777287273: New client connected from 172.19.0.1 as auto-172C5F79-4F1B-1B82-34E8-F7784F17DA15 (p2, c1, k60).
1777287797: New connection from 172.19.0.1 on port 1883.
1777287797: New client connected from 172.19.0.1 as Capteur_HC_SR04_Simule (p2, c1, k60).
1777287837: Socket error on client Capteur_HC_SR04_Simule, disconnecting.
1777291908: Socket error on client auto-172C5F79-4F1B-1B82-34E8-F7784F17DA15, disconnecting.
1777291954: Saving in-memory database to /mosquitto/data/mosquitto.db.
1777291990: mosquitto version 1.6.15 terminating
1777291990: Saving in-memory database to /mosquitto/data/mosquitto.db.
1777472278: mosquitto version 1.6.15 starting
1777472278: Config loaded from /mosquitto/config/mosquitto.conf.
1777472278: Opening ipv4 listen socket on port 1883.
1777472278: Opening ipv6 listen socket on port 1883.
1777472278: Opening websockets listen socket on port 9001.
1777472278: mosquitto version 1.6.15 running
1777472439: mosquitto version 1.6.15 terminating
1777472439: Saving in-memory database to /mosquitto/data/mosquitto.db.
1777573194: mosquitto version 1.6.15 starting
1777573194: Config loaded from /mosquitto/config/mosquitto.conf.
1777573194: Opening ipv4 listen socket on port 1883.
1777573194: Opening ipv6 listen socket on port 1883.
1777573194: Opening websockets listen socket on port 9001.
1777573194: mosquitto version 1.6.15 running
1777573235: mosquitto version 1.6.15 terminating
1777573235: Saving in-memory database to /mosquitto/data/mosquitto.db.
1777729441: mosquitto version 1.6.15 starting
1777729441: Config loaded from /mosquitto/config/mosquitto.conf.
1777729441: Opening ipv4 listen socket on port 1883.
1777729441: Opening ipv6 listen socket on port 1883.
1777729441: Opening websockets listen socket on port 9001.
1777729441: mosquitto version 1.6.15 running
1777729546: mosquitto version 1.6.15 terminating
1777729546: Saving in-memory database to /mosquitto/data/mosquitto.db.
1777756534: mosquitto version 1.6.15 starting
1777756534: Config loaded from /mosquitto/config/mosquitto.conf.
1777756534: Opening ipv4 listen socket on port 1883.
1777756534: Opening ipv6 listen socket on port 1883.
1777756534: Opening websockets listen socket on port 9001.
1777756534: mosquitto version 1.6.15 running
1777756560: mosquitto version 1.6.15 terminating
1777756560: Saving in-memory database to /mosquitto/data/mosquitto.db.
